<?xml version="1.0" encoding="UTF-8"?>
<!-- Generated by org.testng.reporters.JUnitReportReporter -->
<testsuite hostname="DESKTOP-FC27TVF" failures="0" tests="1" name="testCases.TC_002_LoginTest" time="2.034" errors="0" timestamp="2025-06-05T11:24:31 IST" skipped="0">
  <testcase classname="testCases.TC_002_LoginTest" name="verifyLogin" time="2.034"/>
</testsuite> <!-- testCases.TC_002_LoginTest -->
