<?xml version="1.0" encoding="UTF-8"?>
<!-- Generated by org.testng.reporters.JUnitReportReporter -->
<testsuite hostname="DESKTOP-FC27TVF" failures="0" tests="1" name="testCases.TC_001_AccountRegistrationTest" time="7.559" errors="0" timestamp="2025-06-05T18:05:18 IST" skipped="0">
  <testcase classname="testCases.TC_001_AccountRegistrationTest" name="verifytAccountRegistation" time="7.559"/>
</testsuite> <!-- testCases.TC_001_AccountRegistrationTest -->
